[ 4536125ms] [ERROR] ./src/features/issues/components/issue-detail-screen.tsx:160:10
the name `ConflictDialog` is defined multiple times
  158 | }
  159 |
> 160 | function ConflictDialog({
      |          ^^^^^^^^^^^^^^
  161 |   currentVersion,
  162 |   requestedVersion,
  163 |   onDismiss,

Ecmascript file had an error

Import traces:
  #1 [Server Component]:
    ./src/features/issues/components/issue-detail-screen.tsx
    ./src/app/projects/[projectId]/issues/[issueId]/loading.tsx

  #2 [Server Component]:
    ./src/features/issues/components/issue-detail-screen.tsx
    ./src/app/projects/[projectId]/issues/[issueId]/page.tsx

  #3 [Client Component Browser]:
    ./src/features/issues/components/issue-detail-screen.tsx [Client Component Browser]
    ./src/app/projects/[projectId]/issues/[issueId]/error.tsx [Client Component Browser]
    ./src/app/projects/[projectId]/issues/[issueId]/error.tsx [Server Component]

  #4 [Client Component Browser]:
    ./src/features/issues/components/issue-detail-screen.tsx [Client Component Browser]
    ./src/app/projects/[projectId]/issues/[issueId]/not-found.tsx [Client Component Browser]
    ./src/app/projects/[projectId]/issues/[issueId]/not-found.tsx [Server Component]

  #5 [Client Component SSR]:
    ./src/features/issues/components/issue-detail-screen.tsx [Client Component SSR]
    ./src/app/projects/[projectId]/issues/[issueId]/error.tsx [Client Component SSR]
    ./src/app/projects/[projectId]/issues/[issueId]/error.tsx [Server Component]

  #6 [Client Component SSR]:
    ./src/features/issues/components/issue-detail-screen.tsx [Client Component SSR]
    ./src/app/projects/[projectId]/issues/[issueId]/not-found.tsx [Client Component SSR]
    ./src/app/projects/[projectId]/issues/[issueId]/not-found.tsx [Server Component] @ http://localhost:3000/_next/static/chunks/0w4n_next_dist_0_cxz4v._.js:3272
[10503540ms] [ERROR] Failed to load resource: the server responded with a status of 408 (Request Timeout) @ http://localhost:3000/_next/static/chunks/%5Broot-of-the-server%5D__0v-mnbs._.css:0
[10538003ms] undefined
